core/build/outputs/mapping/release/seeds.txt
com.midtrans.corekit.R
com.midtrans.corekit.R$anim
com.midtrans.corekit.R$anim: int abc_fade_in
com.midtrans.corekit.R$anim: int abc_fade_out
com.midtrans.corekit.R$anim: int abc_grow_fade_in_from_bottom
com.midtrans.corekit.R$anim: int abc_popup_enter
com.midtrans.corekit.R$anim: int abc_popup_exit
com.midtrans.corekit.R$anim: int abc_shrink_fade_out_from_bottom
com.midtrans.corekit.R$anim: int abc_slide_in_bottom
com.midtrans.corekit.R$anim: int abc_slide_in_top
com.midtrans.corekit.R$anim: int abc_slide_out_bottom
com.midtrans.corekit.R$anim: int abc_slide_out_top
com.midtrans.corekit.R$attr
com.midtrans.corekit.R$attr: int actionBarDivider
com.midtrans.corekit.R$attr: int actionBarItemBackground
com.midtrans.corekit.R$attr: int actionBarPopupTheme
com.midtrans.corekit.R$attr: int actionBarSize
com.midtrans.corekit.R$attr: int actionBarSplitStyle
com.midtrans.corekit.R$attr: int actionBarStyle
com.midtrans.corekit.R$attr: int actionBarTabBarStyle
com.midtrans.corekit.R$attr: int actionBarTabStyle
com.midtrans.corekit.R$attr: int actionBarTabTextStyle
com.midtrans.corekit.R$attr: int actionBarTheme
com.midtrans.corekit.R$attr: int actionBarWidgetTheme
com.midtrans.corekit.R$attr: int actionButtonStyle
com.midtrans.corekit.R$attr: int actionDropDownStyle
com.midtrans.corekit.R$attr: int actionLayout
com.midtrans.corekit.R$attr: int actionMenuTextAppearance
com.midtrans.corekit.R$attr: int actionMenuTextColor
com.midtrans.corekit.R$attr: int actionModeBackground
com.midtrans.corekit.R$attr: int actionModeCloseButtonStyle
com.midtrans.corekit.R$attr: int actionModeCloseDrawable
com.midtrans.corekit.R$attr: int actionModeCopyDrawable
com.midtrans.corekit.R$attr: int actionModeCutDrawable
com.midtrans.corekit.R$attr: int actionModeFindDrawable
com.midtrans.corekit.R$attr: int actionModePasteDrawable
com.midtrans.corekit.R$attr: int actionModePopupWindowStyle
com.midtrans.corekit.R$attr: int actionModeSelectAllDrawable
com.midtrans.corekit.R$attr: int actionModeShareDrawable
com.midtrans.corekit.R$attr: int actionModeSplitBackground
com.midtrans.corekit.R$bool
com.midtrans.corekit.R$bool: int abc_action_bar_embed_tabs
com.midtrans.corekit.R$bool: int abc_allow_stacked_button_bar
com.midtrans.corekit.R$bool: int abc_config_actionMenuItemAllCaps
com.midtrans.corekit.R$bool: int abc_config_closeDialogWhenTouchOutside
com.midtrans.corekit.R$bool: int abc_config_showMenuShortcutsWhenKeyboardPresent
com.midtrans.corekit.R$color
com.midtrans.corekit.R$color: int abc_background_cache_hint_selector_material_dark
com.midtrans.corekit.R$color: int abc_background_cache_hint_selector_material_light
com.midtrans.corekit.R$color: int abc_btn_colored_borderless_text_material
com.midtrans.corekit.R$color: int abc_btn_colored_text_material
com.midtrans.corekit.R$color: int abc_color_highlight_material
com.midtrans.corekit.R$color: int abc_hint_foreground_material_dark
com.midtrans.corekit.R$color: int abc_hint_foreground_material_light
com.midtrans.corekit.R$color: int abc_input_method_navigation_guard
com.midtrans.corekit.R$color: int abc_primary_text_disable_only_material_dark
com.midtrans.corekit.R$color: int abc_primary_text_disable_only_material_light
com.midtrans.corekit.R$color: int abc_primary_text_material_dark
com.midtrans.corekit.R$color: int abc_primary_text_material_light
com.midtrans.corekit.R$color: int abc_search_url_text
com.midtrans.corekit.R$color: int abc_search_url_text_normal
com.midtrans.corekit.R$color: int abc_search_url_text_pressed
com.midtrans.corekit.R$color: int abc_search_url_text_selected
com.midtrans.corekit.R$color: int abc_secondary_text_material_dark
com.midtrans.corekit.R$color: int abc_secondary_text_material_light
com.midtrans.corekit.R$color: int abc_tint_btn_checkable
com.midtrans.corekit.R$color: int abc_tint_default
com.midtrans.corekit.R$color: int abc_tint_edittext
com.midtrans.corekit.R$color: int abc_tint_seek_thumb
...
com.midtrans.sdk.core.MidtransCoreCallback
com.midtrans.sdk.core.MidtransCoreCallback: void onSuccess(java.lang.Object)
com.midtrans.sdk.core.MidtransCoreCallback: void onFailure(java.lang.Object)
com.midtrans.sdk.core.MidtransCoreCallback: void onError(java.lang.Throwable)
com.midtrans.sdk.core.models.BankType
com.midtrans.sdk.core.models.BankType: java.lang.String CIMB
com.midtrans.sdk.core.models.BankType: java.lang.String BCA
com.midtrans.sdk.core.models.BankType: java.lang.String MANDIRI
com.midtrans.sdk.core.models.BankType: java.lang.String BNI
com.midtrans.sdk.core.models.BankType: java.lang.String MAYBANK
com.midtrans.sdk.core.models.BankType: java.lang.String BRI
com.midtrans.sdk.core.models.BankType: java.lang.String DANAMON
com.midtrans.sdk.core.models.BankType: java.lang.String MANDIRI_DEBIT
com.midtrans.sdk.core.models.BankType: java.lang.String BNI_DEBIT_ONLINE
com.midtrans.sdk.core.models.BankType: BankType()
com.midtrans.sdk.core.models.BankType$BankDef
com.midtrans.sdk.core.models.Channel
com.midtrans.sdk.core.models.Channel: java.lang.String DRAGON
com.midtrans.sdk.core.models.Channel: java.lang.String MIGS
com.midtrans.sdk.core.models.Channel: Channel()
com.midtrans.sdk.core.models.Channel$ChannelDef
com.midtrans.sdk.core.models.CreditCardType
com.midtrans.sdk.core.models.CreditCardType: java.lang.String VISA
com.midtrans.sdk.core.models.CreditCardType: java.lang.String MASTERCARD
com.midtrans.sdk.core.models.CreditCardType: java.lang.String JCB
com.midtrans.sdk.core.models.CreditCardType: java.lang.String AMEX
com.midtrans.sdk.core.models.CreditCardType: int TYPE_MASTER_VISA_JCB_AMEX
com.midtrans.sdk.core.models.CreditCardType: int TYPE_MASTER_VISA
com.midtrans.sdk.core.models.CreditCardType: int TYPE_MASTER_VISA_JCB
com.midtrans.sdk.core.models.CreditCardType: int TYPE_MASTER_VISA_AMEX
com.midtrans.sdk.core.models.CreditCardType: int TYPE_UNKNOWN
com.midtrans.sdk.core.models.CreditCardType: CreditCardType()
com.midtrans.sdk.core.models.merchant.Address
com.midtrans.sdk.core.models.merchant.Address: java.lang.String firstName
com.midtrans.sdk.core.models.merchant.Address: java.lang.String lastName
com.midtrans.sdk.core.models.merchant.Address: java.lang.String address
com.midtrans.sdk.core.models.merchant.Address: java.lang.String city
com.midtrans.sdk.core.models.merchant.Address: java.lang.String postalCode
com.midtrans.sdk.core.models.merchant.Address: java.lang.String phone
com.midtrans.sdk.core.models.merchant.Address: java.lang.String countryCode
com.midtrans.sdk.core.models.merchant.Address: Address(java.lang.String,java.lang.String,java.lang.String,java.lang.String,java.lang.String,java.lang.String,java.lang.String)
com.midtrans.sdk.core.models.merchant.BankTransfer
com.midtrans.sdk.core.models.merchant.BankTransfer: java.lang.String vaNumber
com.midtrans.sdk.core.models.merchant.BankTransfer: BankTransfer()
com.midtrans.sdk.core.models.merchant.BankTransfer: java.lang.String getVaNumber()
com.midtrans.sdk.core.models.merchant.BankTransfer: void setVaNumber(java.lang.String)
com.midtrans.sdk.core.models.merchant.BcaBankTransfer
com.midtrans.sdk.core.models.merchant.BcaBankTransfer: com.midtrans.sdk.core.models.merchant.FreeText freeText
com.midtrans.sdk.core.models.merchant.BcaBankTransfer: BcaBankTransfer()
com.midtrans.sdk.core.models.merchant.BcaBankTransfer: com.midtrans.sdk.core.models.merchant.FreeText getFreeText()
com.midtrans.sdk.core.models.merchant.BcaBankTransfer: void setFreeText(com.midtrans.sdk.core.models.merchant.FreeText)
com.midtrans.sdk.core.models.merchant.CheckoutOrderDetails
com.midtrans.sdk.core.models.merchant.CheckoutOrderDetails: java.lang.String orderId
com.midtrans.sdk.core.models.merchant.CheckoutOrderDetails: int grossAmount
com.midtrans.sdk.core.models.merchant.CheckoutOrderDetails: CheckoutOrderDetails(java.lang.String,int)